<?xml version="1.0" encoding="UTF-8"?>
<!-- Generated by org.testng.reporters.JUnitXMLReporter -->
<testsuite ignored="0" hostname="DESKTOP-A0VOTMT" failures="0" tests="6" name="Default test" time="8.32" errors="0" timestamp="2025-05-02T21:41:35 IST">
  <testcase classname="tests.DeleteBookByISBN_Test" name="testUserRegistration" time="2.495"/>
  <testcase classname="tests.DeleteBookByISBN_Test" name="testGenerateToken" time="1.36"/>
  <testcase classname="tests.DeleteBookByISBN_Test" name="testGetAllBooks" time="1.036"/>
  <testcase classname="tests.DeleteBookByISBN_Test" name="testAddListOfBooks" time="1.009"/>
  <testcase classname="tests.DeleteBookByISBN_Test" name="testUpdateBookList" time="1.115"/>
  <testcase classname="tests.DeleteBookByISBN_Test" name="deleteBook" time="0.957"/>
</testsuite> <!-- Default test -->
