<?xml version="1.0" encoding="UTF-8"?>
<!-- Generated by org.testng.reporters.JUnitXMLReporter -->
<testsuite ignored="0" hostname="DESKTOP-A0VOTMT" failures="0" tests="34" name="Test" time="38.153" errors="0" timestamp="2025-05-02T21:42:23 IST">
  <testcase classname="tests.UserRegistration_Test" name="testUserRegistration" time="2.516"/>
  <testcase classname="tests.UserRegistration_Test" name="testUserAlreadyExists" time="1.067"/>
  <testcase classname="tests.GenerateToken_Test" name="testUserRegistration" time="0.84"/>
  <testcase classname="tests.GenerateToken_Test" name="testGenerateToken" time="1.36"/>
  <testcase classname="tests.GetAllBooks_Test" name="testUserRegistration" time="1.065"/>
  <testcase classname="tests.GetAllBooks_Test" name="testGenerateToken" time="1.328"/>
  <testcase classname="tests.GetAllBooks_Test" name="testGetAllBooks" time="1.023"/>
  <testcase classname="tests.GetBookByISBN_Test" name="testUserRegistration" time="1.06"/>
  <testcase classname="tests.GetBookByISBN_Test" name="testGenerateToken" time="1.1"/>
  <testcase classname="tests.GetBookByISBN_Test" name="testGetAllBooks" time="0.985"/>
  <testcase classname="tests.GetBookByISBN_Test" name="testGetBookByISBN" time="0.924"/>
  <testcase classname="tests.AddListOfBooks_Test" name="testUserRegistration" time="1.04"/>
  <testcase classname="tests.AddListOfBooks_Test" name="testGenerateToken" time="1.361"/>
  <testcase classname="tests.AddListOfBooks_Test" name="testGetAllBooks" time="0.659"/>
  <testcase classname="tests.AddListOfBooks_Test" name="testAddListOfBooks" time="1.063"/>
  <testcase classname="tests.UpdateBookList_Test" name="testUserRegistration" time="1.153"/>
  <testcase classname="tests.UpdateBookList_Test" name="testGenerateToken" time="1.433"/>
  <testcase classname="tests.UpdateBookList_Test" name="testGetAllBooks" time="0.817"/>
  <testcase classname="tests.UpdateBookList_Test" name="testAddListOfBooks" time="0.933"/>
  <testcase classname="tests.UpdateBookList_Test" name="testUpdateBookList" time="1.078"/>
  <testcase classname="tests.DeleteBookByISBN_Test" name="testUserRegistration" time="1.321"/>
  <testcase classname="tests.DeleteBookByISBN_Test" name="testGenerateToken" time="1.117"/>
  <testcase classname="tests.DeleteBookByISBN_Test" name="testGetAllBooks" time="0.661"/>
  <testcase classname="tests.DeleteBookByISBN_Test" name="testAddListOfBooks" time="0.847"/>
  <testcase classname="tests.DeleteBookByISBN_Test" name="testUpdateBookList" time="0.882"/>
  <testcase classname="tests.DeleteBookByISBN_Test" name="deleteBook" time="0.93"/>
  <testcase classname="tests.Tests" name="testUserRegistration" time="1.311"/>
  <testcase classname="tests.Tests" name="testGenerateToken" time="1.436"/>
  <testcase classname="tests.Tests" name="testGetAllBooks" time="0.814"/>
  <testcase classname="tests.Tests" name="testGetBookByISBN" time="0.938"/>
  <testcase classname="tests.Tests" name="testAddListOfBooks" time="0.987"/>
  <testcase classname="tests.Tests" name="testUpdateBookList" time="1.05"/>
  <testcase classname="tests.Tests" name="deleteBook" time="1.152"/>
  <testcase classname="tests.Tests" name="testUserAlreadyExists" time="1.441"/>
</testsuite> <!-- Test -->
