<?xml version="1.0" encoding="UTF-8"?>
<testng-results ignored="0" total="34" passed="34" failed="0" skipped="0">
  <reporter-output>
  </reporter-output>
  <suite started-at="2025-05-02T21:41:45 IST" name="Suite" finished-at="2025-05-02T21:42:23 IST" duration-ms="38153">
    <groups>
    </groups>
    <test started-at="2025-05-02T21:41:45 IST" name="Test" finished-at="2025-05-02T21:42:23 IST" duration-ms="38153">
      <class name="tests.UserRegistration_Test">
        <test-method is-config="true" signature="init()[pri:0, instance:tests.UserRegistration_Test@69c81773]" started-at="2025-05-02T21:41:45 IST" name="init" finished-at="2025-05-02T21:41:45 IST" duration-ms="283" status="PASS">
          <reporter-output>
          </reporter-output>
        </test-method> <!-- init -->
        <test-method signature="testUserRegistration()[pri:1, instance:tests.UserRegistration_Test@69c81773]" started-at="2025-05-02T21:41:45 IST" name="testUserRegistration" finished-at="2025-05-02T21:41:47 IST" duration-ms="2516" status="PASS">
          <reporter-output>
          </reporter-output>
        </test-method> <!-- testUserRegistration -->
        <test-method signature="testUserAlreadyExists()[pri:2, instance:tests.UserRegistration_Test@69c81773]" started-at="2025-05-02T21:41:47 IST" name="testUserAlreadyExists" finished-at="2025-05-02T21:41:49 IST" duration-ms="1067" status="PASS">
          <reporter-output>
          </reporter-output>
        </test-method> <!-- testUserAlreadyExists -->
      </class> <!-- tests.UserRegistration_Test -->
      <class name="tests.UpdateBookList_Test">
        <test-method is-config="true" signature="init()[pri:0, instance:tests.UpdateBookList_Test@79207381]" started-at="2025-05-02T21:42:02 IST" name="init" finished-at="2025-05-02T21:42:02 IST" duration-ms="1" status="PASS">
          <reporter-output>
          </reporter-output>
        </test-method> <!-- init -->
        <test-method signature="testUserRegistration()[pri:1, instance:tests.UpdateBookList_Test@79207381]" started-at="2025-05-02T21:42:02 IST" name="testUserRegistration" finished-at="2025-05-02T21:42:04 IST" duration-ms="1153" status="PASS">
          <reporter-output>
          </reporter-output>
        </test-method> <!-- testUserRegistration -->
        <test-method signature="testGenerateToken()[pri:2, instance:tests.UpdateBookList_Test@79207381]" started-at="2025-05-02T21:42:04 IST" name="testGenerateToken" finished-at="2025-05-02T21:42:05 IST" duration-ms="1433" status="PASS">
          <reporter-output>
          </reporter-output>
        </test-method> <!-- testGenerateToken -->
        <test-method signature="testGetAllBooks()[pri:3, instance:tests.UpdateBookList_Test@79207381]" started-at="2025-05-02T21:42:05 IST" name="testGetAllBooks" finished-at="2025-05-02T21:42:06 IST" duration-ms="817" status="PASS">
          <reporter-output>
          </reporter-output>
        </test-method> <!-- testGetAllBooks -->
        <test-method signature="testAddListOfBooks()[pri:4, instance:tests.UpdateBookList_Test@79207381]" started-at="2025-05-02T21:42:06 IST" name="testAddListOfBooks" finished-at="2025-05-02T21:42:07 IST" duration-ms="933" status="PASS">
          <reporter-output>
          </reporter-output>
        </test-method> <!-- testAddListOfBooks -->
        <test-method signature="testUpdateBookList()[pri:5, instance:tests.UpdateBookList_Test@79207381]" started-at="2025-05-02T21:42:07 IST" name="testUpdateBookList" finished-at="2025-05-02T21:42:08 IST" duration-ms="1078" status="PASS">
          <reporter-output>
          </reporter-output>
        </test-method> <!-- testUpdateBookList -->
      </class> <!-- tests.UpdateBookList_Test -->
      <class name="tests.GetBookByISBN_Test">
        <test-method is-config="true" signature="init()[pri:0, instance:tests.GetBookByISBN_Test@50378a4]" started-at="2025-05-02T21:41:54 IST" name="init" finished-at="2025-05-02T21:41:54 IST" duration-ms="2" status="PASS">
          <reporter-output>
          </reporter-output>
        </test-method> <!-- init -->
        <test-method signature="testUserRegistration()[pri:1, instance:tests.GetBookByISBN_Test@50378a4]" started-at="2025-05-02T21:41:54 IST" name="testUserRegistration" finished-at="2025-05-02T21:41:55 IST" duration-ms="1060" status="PASS">
          <reporter-output>
          </reporter-output>
        </test-method> <!-- testUserRegistration -->
        <test-method signature="testGenerateToken()[pri:2, instance:tests.GetBookByISBN_Test@50378a4]" started-at="2025-05-02T21:41:55 IST" name="testGenerateToken" finished-at="2025-05-02T21:41:56 IST" duration-ms="1100" status="PASS">
          <reporter-output>
          </reporter-output>
        </test-method> <!-- testGenerateToken -->
        <test-method signature="testGetAllBooks()[pri:3, instance:tests.GetBookByISBN_Test@50378a4]" started-at="2025-05-02T21:41:56 IST" name="testGetAllBooks" finished-at="2025-05-02T21:41:57 IST" duration-ms="985" status="PASS">
          <reporter-output>
          </reporter-output>
        </test-method> <!-- testGetAllBooks -->
        <test-method signature="testGetBookByISBN()[pri:4, instance:tests.GetBookByISBN_Test@50378a4]" started-at="2025-05-02T21:41:57 IST" name="testGetBookByISBN" finished-at="2025-05-02T21:41:58 IST" duration-ms="924" status="PASS">
          <reporter-output>
          </reporter-output>
        </test-method> <!-- testGetBookByISBN -->
      </class> <!-- tests.GetBookByISBN_Test -->
      <class name="tests.DeleteBookByISBN_Test">
        <test-method is-config="true" signature="init()[pri:0, instance:tests.DeleteBookByISBN_Test@491b9b8]" started-at="2025-05-02T21:42:08 IST" name="init" finished-at="2025-05-02T21:42:08 IST" duration-ms="2" status="PASS">
          <reporter-output>
          </reporter-output>
        </test-method> <!-- init -->
        <test-method signature="testUserRegistration()[pri:1, instance:tests.DeleteBookByISBN_Test@491b9b8]" started-at="2025-05-02T21:42:08 IST" name="testUserRegistration" finished-at="2025-05-02T21:42:09 IST" duration-ms="1321" status="PASS">
          <reporter-output>
          </reporter-output>
        </test-method> <!-- testUserRegistration -->
        <test-method signature="testGenerateToken()[pri:2, instance:tests.DeleteBookByISBN_Test@491b9b8]" started-at="2025-05-02T21:42:09 IST" name="testGenerateToken" finished-at="2025-05-02T21:42:10 IST" duration-ms="1117" status="PASS">
          <reporter-output>
          </reporter-output>
        </test-method> <!-- testGenerateToken -->
        <test-method signature="testGetAllBooks()[pri:3, instance:tests.DeleteBookByISBN_Test@491b9b8]" started-at="2025-05-02T21:42:10 IST" name="testGetAllBooks" finished-at="2025-05-02T21:42:11 IST" duration-ms="661" status="PASS">
          <reporter-output>
          </reporter-output>
        </test-method> <!-- testGetAllBooks -->
        <test-method signature="testAddListOfBooks()[pri:4, instance:tests.DeleteBookByISBN_Test@491b9b8]" started-at="2025-05-02T21:42:11 IST" name="testAddListOfBooks" finished-at="2025-05-02T21:42:12 IST" duration-ms="847" status="PASS">
          <reporter-output>
          </reporter-output>
        </test-method> <!-- testAddListOfBooks -->
        <test-method signature="testUpdateBookList()[pri:5, instance:tests.DeleteBookByISBN_Test@491b9b8]" started-at="2025-05-02T21:42:12 IST" name="testUpdateBookList" finished-at="2025-05-02T21:42:13 IST" duration-ms="882" status="PASS">
          <reporter-output>
          </reporter-output>
        </test-method> <!-- testUpdateBookList -->
        <test-method signature="deleteBook()[pri:6, instance:tests.DeleteBookByISBN_Test@491b9b8]" started-at="2025-05-02T21:42:13 IST" name="deleteBook" finished-at="2025-05-02T21:42:14 IST" duration-ms="930" status="PASS">
          <reporter-output>
          </reporter-output>
        </test-method> <!-- deleteBook -->
      </class> <!-- tests.DeleteBookByISBN_Test -->
      <class name="tests.GetAllBooks_Test">
        <test-method is-config="true" signature="init()[pri:0, instance:tests.GetAllBooks_Test@5884a914]" started-at="2025-05-02T21:41:51 IST" name="init" finished-at="2025-05-02T21:41:51 IST" duration-ms="1" status="PASS">
          <reporter-output>
          </reporter-output>
        </test-method> <!-- init -->
        <test-method signature="testUserRegistration()[pri:1, instance:tests.GetAllBooks_Test@5884a914]" started-at="2025-05-02T21:41:51 IST" name="testUserRegistration" finished-at="2025-05-02T21:41:52 IST" duration-ms="1065" status="PASS">
          <reporter-output>
          </reporter-output>
        </test-method> <!-- testUserRegistration -->
        <test-method signature="testGenerateToken()[pri:2, instance:tests.GetAllBooks_Test@5884a914]" started-at="2025-05-02T21:41:52 IST" name="testGenerateToken" finished-at="2025-05-02T21:41:53 IST" duration-ms="1328" status="PASS">
          <reporter-output>
          </reporter-output>
        </test-method> <!-- testGenerateToken -->
        <test-method signature="testGetAllBooks()[pri:3, instance:tests.GetAllBooks_Test@5884a914]" started-at="2025-05-02T21:41:53 IST" name="testGetAllBooks" finished-at="2025-05-02T21:41:54 IST" duration-ms="1023" status="PASS">
          <reporter-output>
          </reporter-output>
        </test-method> <!-- testGetAllBooks -->
      </class> <!-- tests.GetAllBooks_Test -->
      <class name="tests.AddListOfBooks_Test">
        <test-method is-config="true" signature="init()[pri:0, instance:tests.AddListOfBooks_Test@60f00693]" started-at="2025-05-02T21:41:58 IST" name="init" finished-at="2025-05-02T21:41:58 IST" duration-ms="1" status="PASS">
          <reporter-output>
          </reporter-output>
        </test-method> <!-- init -->
        <test-method signature="testUserRegistration()[pri:1, instance:tests.AddListOfBooks_Test@60f00693]" started-at="2025-05-02T21:41:58 IST" name="testUserRegistration" finished-at="2025-05-02T21:41:59 IST" duration-ms="1040" status="PASS">
          <reporter-output>
          </reporter-output>
        </test-method> <!-- testUserRegistration -->
        <test-method signature="testGenerateToken()[pri:2, instance:tests.AddListOfBooks_Test@60f00693]" started-at="2025-05-02T21:41:59 IST" name="testGenerateToken" finished-at="2025-05-02T21:42:01 IST" duration-ms="1361" status="PASS">
          <reporter-output>
          </reporter-output>
        </test-method> <!-- testGenerateToken -->
        <test-method signature="testGetAllBooks()[pri:3, instance:tests.AddListOfBooks_Test@60f00693]" started-at="2025-05-02T21:42:01 IST" name="testGetAllBooks" finished-at="2025-05-02T21:42:01 IST" duration-ms="659" status="PASS">
          <reporter-output>
          </reporter-output>
        </test-method> <!-- testGetAllBooks -->
        <test-method signature="testAddListOfBooks()[pri:4, instance:tests.AddListOfBooks_Test@60f00693]" started-at="2025-05-02T21:42:01 IST" name="testAddListOfBooks" finished-at="2025-05-02T21:42:02 IST" duration-ms="1063" status="PASS">
          <reporter-output>
          </reporter-output>
        </test-method> <!-- testAddListOfBooks -->
      </class> <!-- tests.AddListOfBooks_Test -->
      <class name="tests.GenerateToken_Test">
        <test-method is-config="true" signature="init()[pri:0, instance:tests.GenerateToken_Test@7b4c50bc]" started-at="2025-05-02T21:41:49 IST" name="init" finished-at="2025-05-02T21:41:49 IST" duration-ms="1" status="PASS">
          <reporter-output>
          </reporter-output>
        </test-method> <!-- init -->
        <test-method signature="testUserRegistration()[pri:1, instance:tests.GenerateToken_Test@7b4c50bc]" started-at="2025-05-02T21:41:49 IST" name="testUserRegistration" finished-at="2025-05-02T21:41:49 IST" duration-ms="840" status="PASS">
          <reporter-output>
          </reporter-output>
        </test-method> <!-- testUserRegistration -->
        <test-method signature="testGenerateToken()[pri:2, instance:tests.GenerateToken_Test@7b4c50bc]" started-at="2025-05-02T21:41:49 IST" name="testGenerateToken" finished-at="2025-05-02T21:41:51 IST" duration-ms="1360" status="PASS">
          <reporter-output>
          </reporter-output>
        </test-method> <!-- testGenerateToken -->
      </class> <!-- tests.GenerateToken_Test -->
      <class name="tests.Tests">
        <test-method is-config="true" signature="init()[pri:0, instance:tests.Tests@1a4927d6]" started-at="2025-05-02T21:42:14 IST" name="init" finished-at="2025-05-02T21:42:14 IST" duration-ms="2" status="PASS">
          <reporter-output>
          </reporter-output>
        </test-method> <!-- init -->
        <test-method signature="testUserRegistration()[pri:1, instance:tests.Tests@1a4927d6]" started-at="2025-05-02T21:42:14 IST" name="testUserRegistration" finished-at="2025-05-02T21:42:15 IST" duration-ms="1311" status="PASS">
          <reporter-output>
          </reporter-output>
        </test-method> <!-- testUserRegistration -->
        <test-method signature="testGenerateToken()[pri:2, instance:tests.Tests@1a4927d6]" started-at="2025-05-02T21:42:15 IST" name="testGenerateToken" finished-at="2025-05-02T21:42:16 IST" duration-ms="1436" status="PASS">
          <reporter-output>
          </reporter-output>
        </test-method> <!-- testGenerateToken -->
        <test-method signature="testGetAllBooks()[pri:3, instance:tests.Tests@1a4927d6]" started-at="2025-05-02T21:42:16 IST" name="testGetAllBooks" finished-at="2025-05-02T21:42:17 IST" duration-ms="814" status="PASS">
          <reporter-output>
          </reporter-output>
        </test-method> <!-- testGetAllBooks -->
        <test-method signature="testGetBookByISBN()[pri:4, instance:tests.Tests@1a4927d6]" started-at="2025-05-02T21:42:17 IST" name="testGetBookByISBN" finished-at="2025-05-02T21:42:18 IST" duration-ms="938" status="PASS">
          <reporter-output>
          </reporter-output>
        </test-method> <!-- testGetBookByISBN -->
        <test-method signature="testAddListOfBooks()[pri:5, instance:tests.Tests@1a4927d6]" started-at="2025-05-02T21:42:18 IST" name="testAddListOfBooks" finished-at="2025-05-02T21:42:19 IST" duration-ms="987" status="PASS">
          <reporter-output>
          </reporter-output>
        </test-method> <!-- testAddListOfBooks -->
        <test-method signature="testUpdateBookList()[pri:6, instance:tests.Tests@1a4927d6]" started-at="2025-05-02T21:42:19 IST" name="testUpdateBookList" finished-at="2025-05-02T21:42:20 IST" duration-ms="1050" status="PASS">
          <reporter-output>
          </reporter-output>
        </test-method> <!-- testUpdateBookList -->
        <test-method signature="deleteBook()[pri:7, instance:tests.Tests@1a4927d6]" started-at="2025-05-02T21:42:20 IST" name="deleteBook" finished-at="2025-05-02T21:42:21 IST" duration-ms="1152" status="PASS">
          <reporter-output>
          </reporter-output>
        </test-method> <!-- deleteBook -->
        <test-method signature="testUserAlreadyExists()[pri:8, instance:tests.Tests@1a4927d6]" started-at="2025-05-02T21:42:21 IST" name="testUserAlreadyExists" finished-at="2025-05-02T21:42:23 IST" duration-ms="1441" status="PASS">
          <reporter-output>
          </reporter-output>
        </test-method> <!-- testUserAlreadyExists -->
      </class> <!-- tests.Tests -->
    </test> <!-- Test -->
  </suite> <!-- Suite -->
</testng-results>
