<?xml version="1.0" encoding="UTF-8"?>
<!-- Generated by org.testng.reporters.JUnitReportReporter -->
<testsuite hostname="DESKTOP-A0VOTMT" failures="0" tests="4" name="tests.AddListOfBooks_Test" time="4.123" errors="0" timestamp="2025-05-02T21:42:23 IST" skipped="0">
  <testcase classname="tests.AddListOfBooks_Test" name="testUserRegistration" time="1.040"/>
  <testcase classname="tests.AddListOfBooks_Test" name="testGenerateToken" time="1.361"/>
  <testcase classname="tests.AddListOfBooks_Test" name="testGetAllBooks" time="0.659"/>
  <testcase classname="tests.AddListOfBooks_Test" name="testAddListOfBooks" time="1.063"/>
</testsuite> <!-- tests.AddListOfBooks_Test -->
