<?xml version="1.0" encoding="UTF-8"?>
<!-- Generated by org.testng.reporters.JUnitReportReporter -->
<testsuite hostname="DESKTOP-A0VOTMT" failures="0" tests="2" name="tests.UserRegistration_Test" time="3.583" errors="0" timestamp="2025-05-02T21:42:23 IST" skipped="0">
  <testcase classname="tests.UserRegistration_Test" name="testUserRegistration" time="2.516"/>
  <testcase classname="tests.UserRegistration_Test" name="testUserAlreadyExists" time="1.067"/>
</testsuite> <!-- tests.UserRegistration_Test -->
