<?xml version="1.0" encoding="UTF-8"?>
<!-- Generated by org.testng.reporters.JUnitReportReporter -->
<testsuite hostname="DESKTOP-A0VOTMT" failures="0" tests="4" name="tests.GetBookByISBN_Test" time="4.069" errors="0" timestamp="2025-05-02T21:42:23 IST" skipped="0">
  <testcase classname="tests.GetBookByISBN_Test" name="testUserRegistration" time="1.060"/>
  <testcase classname="tests.GetBookByISBN_Test" name="testGenerateToken" time="1.100"/>
  <testcase classname="tests.GetBookByISBN_Test" name="testGetAllBooks" time="0.985"/>
  <testcase classname="tests.GetBookByISBN_Test" name="testGetBookByISBN" time="0.924"/>
</testsuite> <!-- tests.GetBookByISBN_Test -->
