<?xml version="1.0" encoding="UTF-8"?>
<!-- Generated by org.testng.reporters.JUnitReportReporter -->
<testsuite hostname="DESKTOP-A0VOTMT" failures="0" tests="8" name="tests.Tests" time="9.129" errors="0" timestamp="2025-05-02T21:42:23 IST" skipped="0">
  <testcase classname="tests.Tests" name="testUserRegistration" time="1.311"/>
  <testcase classname="tests.Tests" name="testGenerateToken" time="1.436"/>
  <testcase classname="tests.Tests" name="testGetAllBooks" time="0.814"/>
  <testcase classname="tests.Tests" name="testGetBookByISBN" time="0.938"/>
  <testcase classname="tests.Tests" name="testAddListOfBooks" time="0.987"/>
  <testcase classname="tests.Tests" name="testUpdateBookList" time="1.050"/>
  <testcase classname="tests.Tests" name="deleteBook" time="1.152"/>
  <testcase classname="tests.Tests" name="testUserAlreadyExists" time="1.441"/>
</testsuite> <!-- tests.Tests -->
