<?xml version="1.0" encoding="UTF-8"?>
<!-- Generated by org.testng.reporters.JUnitReportReporter -->
<testsuite hostname="DESKTOP-A0VOTMT" failures="0" tests="6" name="tests.DeleteBookByISBN_Test" time="5.758" errors="0" timestamp="2025-05-02T21:42:23 IST" skipped="0">
  <testcase classname="tests.DeleteBookByISBN_Test" name="testUserRegistration" time="1.321"/>
  <testcase classname="tests.DeleteBookByISBN_Test" name="testGenerateToken" time="1.117"/>
  <testcase classname="tests.DeleteBookByISBN_Test" name="testGetAllBooks" time="0.661"/>
  <testcase classname="tests.DeleteBookByISBN_Test" name="testAddListOfBooks" time="0.847"/>
  <testcase classname="tests.DeleteBookByISBN_Test" name="testUpdateBookList" time="0.882"/>
  <testcase classname="tests.DeleteBookByISBN_Test" name="deleteBook" time="0.930"/>
</testsuite> <!-- tests.DeleteBookByISBN_Test -->
