<?xml version="1.0" encoding="UTF-8"?>
<!-- Generated by org.testng.reporters.JUnitReportReporter -->
<testsuite hostname="DESKTOP-A0VOTMT" failures="0" tests="3" name="tests.GetAllBooks_Test" time="3.416" errors="0" timestamp="2025-05-02T21:42:23 IST" skipped="0">
  <testcase classname="tests.GetAllBooks_Test" name="testUserRegistration" time="1.065"/>
  <testcase classname="tests.GetAllBooks_Test" name="testGenerateToken" time="1.328"/>
  <testcase classname="tests.GetAllBooks_Test" name="testGetAllBooks" time="1.023"/>
</testsuite> <!-- tests.GetAllBooks_Test -->
