<?xml version="1.0" encoding="UTF-8"?>
<!-- Generated by org.testng.reporters.JUnitReportReporter -->
<testsuite hostname="DESKTOP-A0VOTMT" failures="0" tests="5" name="tests.UpdateBookList_Test" time="5.414" errors="0" timestamp="2025-05-02T21:42:23 IST" skipped="0">
  <testcase classname="tests.UpdateBookList_Test" name="testUserRegistration" time="1.153"/>
  <testcase classname="tests.UpdateBookList_Test" name="testGenerateToken" time="1.433"/>
  <testcase classname="tests.UpdateBookList_Test" name="testGetAllBooks" time="0.817"/>
  <testcase classname="tests.UpdateBookList_Test" name="testAddListOfBooks" time="0.933"/>
  <testcase classname="tests.UpdateBookList_Test" name="testUpdateBookList" time="1.078"/>
</testsuite> <!-- tests.UpdateBookList_Test -->
